

 ETABS Ultimate 64-bit 18.1.0 Build 2117 (Analysis Build 9774/64)
 File: E:\ROHIT\IFS Etabs\RCC\Plan 1\Plan 1 With Wind.LOG




 B E G I N   A N A L Y S I S                                2020/04/29  16:44:50


 RUNNING ANALYSIS AS A SEPARATE PROCESS
 USING THE ADVANCED SOLVER (PROVIDES LIMITED INSTABILITY INFORMATION)

 NUMBER OF JOINTS                          =         175
    WITH RESTRAINTS                        =          39
    WITH MASS                              =          39
 NUMBER OF FRAME/TENDON ELEMENTS           =         436
 NUMBER OF SHELL ELEMENTS                  =          64
 NUMBER OF CONSTRAINTS/WELDS               =           4
 NUMBER OF LOAD PATTERNS                   =           7
 NUMBER OF ACCELERATION LOADS              =           9
 NUMBER OF LOAD CASES                      =           8

 ADDRESSABLE PHYSICAL MEMORY (RAM)         =      15.886 GB

 PARALLELIZATION OF ANALYSIS OPERATIONS:
 (Env. variable SAPFIRE_NUM_THREADS        =           0)
 NUMBER OF THREADS: STATE (AUTOMATIC)      =           4
 NUMBER OF THREADS: STIFFNESS (AUTOMATIC)  =           4
 NUMBER OF THREADS: EVENT (AUTOMATIC)      =           4
 NUMBER OF THREADS: MOVE (AUTOMATIC)       =           4
 NUMBER OF THREADS: RESPONSE (AUTOMATIC)   =           4
 NUMBER OF THREADS: SOLVE (AUTOMATIC)      =           4
 NUMBER OF THREADS: FORM (AUTOMATIC)       =           4


 E L E M E N T   F O R M A T I O N                                      16:44:50


 NUMBER OF COUPLED CONSTRAINT EQUATIONS    =           0


 L I N E A R   E Q U A T I O N   S O L U T I O N                        16:44:50

 FORMING STIFFNESS AT ZERO (UNSTRESSED) INITIAL CONDITIONS

 TOTAL NUMBER OF EQUILIBRIUM EQUATIONS     =         456
 NUMBER OF NON-ZERO STIFFNESS TERMS        =        8535

 ---------------------------------
 BASIC STABILITY CHECK FOR LINEAR LOAD CASES:
    NUMBER OF NEGATIVE STIFFNESS EIGENVALUES SHOULD BE ZERO FOR STABILITY.
    (NOTE: FURTHER CHECKS SHOULD BE CONSIDERED AS DEEMED NECESSARY,
     SUCH AS REVIEWING EIGEN MODES FOR MECHANISMS AND RIGID-BODY MOTION)

    NUMBER OF NEGATIVE EIGENVALUES         =           0,  OK.
 ---------------------------------


 L I N E A R   S T A T I C   C A S E S                                  16:44:50

 USING STIFFNESS AT ZERO (UNSTRESSED) INITIAL CONDITIONS

 TOTAL NUMBER OF CASES TO SOLVE            =           7
 NUMBER OF CASES TO SOLVE PER BLOCK        =           7

 LINEAR STATIC CASES TO BE SOLVED:

 CASE: DEAD
 CASE: LIVE
 CASE: WIND X
 CASE: WIND Y
 CASE: EQX
 CASE: EQY
 CASE: ~LLRF


 E I G E N   M O D A L   A N A L Y S I S                                16:44:50

 CASE: MODAL

 USING STIFFNESS AT ZERO (UNSTRESSED) INITIAL CONDITIONS

 NUMBER OF STIFFNESS DEGREES OF FREEDOM    =         456
 NUMBER OF MASS DEGREES OF FREEDOM         =          28
 MAXIMUM NUMBER OF EIGEN MODES SOUGHT      =          12
 MINIMUM NUMBER OF EIGEN MODES SOUGHT      =           1
 NUMBER OF RESIDUAL-MASS MODES SOUGHT      =           0
 NUMBER OF SUBSPACE VECTORS USED           =          24
 RELATIVE CONVERGENCE TOLERANCE            =    1.00E-09

 FREQUENCY SHIFT  (CENTER) (CYC/TIME)      =     .000000
 FREQUENCY CUTOFF (RADIUS) (CYC/TIME)      =  -INFINITY-
 ALLOW AUTOMATIC FREQUENCY SHIFTING        =         YES


 Original stiffness at shift : EV= 0.0000000E+00, f=     .000000, T=  -INFINITY-
 Number of eigenvalues below shift =      0
 Found mode      1 of     12:  EV= 4.3795728E+02, f=    3.330704, T=    0.300237
 Found mode      2 of     12:  EV= 9.0868446E+02, f=    4.797629, T=    0.208436
 Found mode      3 of     12:  EV= 1.0447587E+03, f=    5.144322, T=    0.194389
 Found mode      4 of     12:  EV= 4.0037777E+03, f=   10.070594, T=    0.099299
 Found mode      5 of     12:  EV= 1.0976991E+04, f=   16.674844, T=    0.059971
 Found mode      6 of     12:  EV= 1.3499732E+04, f=   18.491950, T=    0.054078
 Found mode      7 of     12:  EV= 1.4937069E+04, f=   19.451488, T=    0.051410
 Found mode      8 of     12:  EV= 1.9239099E+04, f=   22.075599, T=    0.045299
 Found mode      9 of     12:  EV= 5.0311689E+04, f=   35.698879, T=    0.028012
 Found mode     10 of     12:  EV= 5.8371727E+04, f=   38.452219, T=    0.026006
 Found mode     11 of     12:  EV= 8.9581862E+04, f=   47.635439, T=    0.020993
 Found mode     12 of     12:  EV= 1.0934957E+05, f=   52.629430, T=    0.019001

 NUMBER OF EIGEN MODES FOUND               =          12
 NUMBER OF ITERATIONS PERFORMED            =           4
 NUMBER OF STIFFNESS SHIFTS                =           0


 A N A L Y S I S   C O M P L E T E                          2020/04/29  16:44:50


 ETABS Ultimate 64-bit 18.1.0 Build 2117 (Analysis Build 9774/64)
 File: E:\ROHIT\IFS Etabs\RCC\Plan 1\Plan 1 With Wind.LOG




 B E G I N   A N A L Y S I S                                2020/04/29  16:44:55


 RUNNING ANALYSIS AS A SEPARATE PROCESS
 USING THE ADVANCED SOLVER (PROVIDES LIMITED INSTABILITY INFORMATION)

 NUMBER OF JOINTS                          =         175
    WITH RESTRAINTS                        =          39
    WITH MASS                              =          39
 NUMBER OF FRAME/TENDON ELEMENTS           =         436
 NUMBER OF SHELL ELEMENTS                  =          64
 NUMBER OF CONSTRAINTS/WELDS               =           4
 NUMBER OF LOAD PATTERNS                   =           7
 NUMBER OF ACCELERATION LOADS              =           9
 NUMBER OF LOAD CASES                      =           8

 ADDRESSABLE PHYSICAL MEMORY (RAM)         =      15.886 GB

 PARALLELIZATION OF ANALYSIS OPERATIONS:
 (Env. variable SAPFIRE_NUM_THREADS        =           0)
 NUMBER OF THREADS: STATE (AUTOMATIC)      =           4
 NUMBER OF THREADS: STIFFNESS (AUTOMATIC)  =           4
 NUMBER OF THREADS: EVENT (AUTOMATIC)      =           4
 NUMBER OF THREADS: MOVE (AUTOMATIC)       =           4
 NUMBER OF THREADS: RESPONSE (AUTOMATIC)   =           4
 NUMBER OF THREADS: SOLVE (AUTOMATIC)      =           4
 NUMBER OF THREADS: FORM (AUTOMATIC)       =           4


 E L E M E N T   F O R M A T I O N                                      16:44:55


 NUMBER OF COUPLED CONSTRAINT EQUATIONS    =           0


 L I N E A R   E Q U A T I O N   S O L U T I O N                        16:44:55

 FORMING STIFFNESS AT ZERO (UNSTRESSED) INITIAL CONDITIONS

 TOTAL NUMBER OF EQUILIBRIUM EQUATIONS     =         456
 NUMBER OF NON-ZERO STIFFNESS TERMS        =        8535

 ---------------------------------
 BASIC STABILITY CHECK FOR LINEAR LOAD CASES:
    NUMBER OF NEGATIVE STIFFNESS EIGENVALUES SHOULD BE ZERO FOR STABILITY.
    (NOTE: FURTHER CHECKS SHOULD BE CONSIDERED AS DEEMED NECESSARY,
     SUCH AS REVIEWING EIGEN MODES FOR MECHANISMS AND RIGID-BODY MOTION)

    NUMBER OF NEGATIVE EIGENVALUES         =           0,  OK.
 ---------------------------------


 L I N E A R   S T A T I C   C A S E S                                  16:44:55

 USING STIFFNESS AT ZERO (UNSTRESSED) INITIAL CONDITIONS

 TOTAL NUMBER OF CASES TO SOLVE            =           2
 NUMBER OF CASES TO SOLVE PER BLOCK        =           2

 LINEAR STATIC CASES TO BE SOLVED:

 CASE: EQX
 CASE: EQY


 A N A L Y S I S   C O M P L E T E                          2020/04/29  16:44:55
