 ETABS Ultimate 64-bit 17.0.1 Build 1888 (Analysis Build 9648/64)               
 File: E:\ROHIT\IFS Etabs\Plan 3 (2017)\Plan 3.OUT                              
                                                                     
                                                                       

 D I S P L A C E M E N T   D E G R E E S   O F   F R E E D O M

         (A) = Active DOF, equilibrium equation
         (-) = Restrained DOF, reaction computed
         (+) = Constrained DOF
         (>) = External substructure DOF
         ( ) = Null DOF

  JOINTS              UX  UY  UZ  RX  RY  RZ
       1               -   -   -   A   A   A
       2 TO       5    A   A   A   A   A   A
       6               -   -   -   -   -   -
       7 TO      10    A   A   A   A   A   A
      11               -   -   -   -   -   -
      12 TO      15    A   A   A   A   A   A
      16               -   -   -   -   -   -
      17 TO      20    A   A   A   A   A   A
      21               -   -   -   -   -   -
      22 TO      25    A   A   A   A   A   A
      26               -   -   -   -   -   -
      27 TO      30    A   A   A   A   A   A
      31               -   -   -   -   -   -
      32 TO      35    A   A   A   A   A   A
      36               -   -   -   -   -   -
      37 TO      40    A   A   A   A   A   A
      41               -   -   -   -   -   -
      42 TO      45    A   A   A   A   A   A
      46               -   -   -   -   -   -
      47 TO      50    A   A   A   A   A   A
      61               -   -   -   -   -   -
      62 TO      65    A   A   A   A   A   A
      66               -   -   -   -   -   -
      67 TO      70    A   A   A   A   A   A
      71               -   -   -   -   -   -
      72 TO      75    A   A   A   A   A   A
      76               -   -   -   -   -   -
      77 TO      80    A   A   A   A   A   A
      81               -   -   -   -   -   -
      82 TO      85    A   A   A   A   A   A
      91               -   -   -   -   -   -
      92 TO      95    A   A   A   A   A   A
      96               -   -   -   -   -   -
      97 TO     100    A   A   A   A   A   A
     101               -   -   -   -   -   -
     102 TO     105    A   A   A   A   A   A
     106               -   -   -   -   -   -
     107 TO     110    A   A   A   A   A   A
     116               -   -   -   -   -   -
     117 TO     120    A   A   A   A   A   A
     121               -   -   -   -   -   -
     122 TO     125    A   A   A   A   A   A
     126               -   -   -   -   -   -
     127 TO     130    A   A   A   A   A   A
     131               -   -   -   -   -   -
     132 TO     135    A   A   A   A   A   A
     136               -   -   -   -   -   -
     137 TO     160    A   A   A   A   A   A
     161               -   -   -   -   -   -
     162 TO     165    A   A   A   A   A   A
     166               -   -   -   -   -   -
     167 TO    ~282    A   A   A   A   A   A
